The system is: Linux - 4.14.67-1-MANJARO - x86_64
Compiling the C compiler identification source file "CMakeCCompilerId.c" succeeded.
Compiler: /usr/bin/cc 
Build flags: 
Id flags:  

The output was:
0


Compilation of the C compiler identification source "CMakeCCompilerId.c" produced "a.out"

The C compiler identification is GNU, found in "/home/mazedul/CLionProjects/URI/1014/cmake-build-debug/CMakeFiles/3.12.0/CompilerIdC/a.out"

Determining if the C compiler works passed with the following output:
Change Dir: /home/mazedul/CLionProjects/URI/1014/cmake-build-debug/CMakeFiles/CMakeTmp

Run Build Command:"/usr/bin/make" "cmTC_57573/fast"
/usr/bin/make -f CMakeFiles/cmTC_57573.dir/build.make CMakeFiles/cmTC_57573.dir/build
make[1]: Entering directory '/home/mazedul/CLionProjects/URI/1014/cmake-build-debug/CMakeFiles/CMakeTmp'
Building C object CMakeFiles/cmTC_57573.dir/testCCompiler.c.o
/usr/bin/cc    -o CMakeFiles/cmTC_57573.dir/testCCompiler.c.o   -c /home/mazedul/CLionProjects/URI/1014/cmake-build-debug/CMakeFiles/CMakeTmp/testCCompiler.c
Linking C executable cmTC_57573
"/home/mazedul/Clion (1)/clion-2018.2/bin/cmake/linux/bin/cmake" -E cmake_link_script CMakeFiles/cmTC_57573.dir/link.txt --verbose=1
/usr/bin/cc      CMakeFiles/cmTC_57573.dir/testCCompiler.c.o  -o cmTC_57573 
make[1]: Leaving directory '/home/mazedul/CLionProjects/URI/1014/cmake-build-debug/CMakeFiles/CMakeTmp'


Detecting C compiler ABI info compiled with the following output:
Change Dir: /home/mazedul/CLionProjects/URI/1014/cmake-build-debug/CMakeFiles/CMakeTmp

Run Build Command:"/usr/bin/make" "cmTC_78cf3/fast"
/usr/bin/make -f CMakeFiles/cmTC_78cf3.dir/build.make CMakeFiles/cmTC_78cf3.dir/build
make[1]: Entering directory '/home/mazedul/CLionProjects/URI/1014/cmake-build-debug/CMakeFiles/CMakeTmp'
Building C object CMakeFiles/cmTC_78cf3.dir/CMakeCCompilerABI.c.o
/usr/bin/cc    -o CMakeFiles/cmTC_78cf3.dir/CMakeCCompilerABI.c.o   -c "/home/mazedul/Clion (1)/clion-2018.2/bin/cmake/linux/share/cmake-3.12/Modules/CMakeCCompilerABI.c"
Linking C executable cmTC_78cf3
"/home/mazedul/Clion (1)/clion-2018.2/bin/cmake/linux/bin/cmake" -E cmake_link_script CMakeFiles/cmTC_78cf3.dir/link.txt --verbose=1
/usr/bin/cc     -v CMakeFiles/cmTC_78cf3.dir/CMakeCCompilerABI.c.o  -o cmTC_78cf3 
Using built-in specs.
COLLECT_GCC=/usr/bin/cc
COLLECT_LTO_WRAPPER=/usr/lib/gcc/x86_64-pc-linux-gnu/8.2.0/lto-wrapper
Target: x86_64-pc-linux-gnu
Configured with: /build/gcc/src/gcc/configure --prefix=/usr --libdir=/usr/lib --libexecdir=/usr/lib --mandir=/usr/share/man --infodir=/usr/share/info --with-bugurl=https://bugs.archlinux.org/ --enable-languages=c,c++,ada,fortran,go,lto,objc,obj-c++ --enable-shared --enable-threads=posix --enable-libmpx --with-system-zlib --with-isl --enable-__cxa_atexit --disable-libunwind-exceptions --enable-clocale=gnu --disable-libstdcxx-pch --disable-libssp --enable-gnu-unique-object --enable-linker-build-id --enable-lto --enable-plugin --enable-install-libiberty --with-linker-hash-style=gnu --enable-gnu-indirect-function --enable-multilib --disable-werror --enable-checking=release --enable-default-pie --enable-default-ssp --enable-cet=auto
Thread model: posix
gcc version 8.2.0 (GCC) 
COMPILER_PATH=/usr/lib/gcc/x86_64-pc-linux-gnu/8.2.0/:/usr/lib/gcc/x86_64-pc-linux-gnu/8.2.0/:/usr/lib/gcc/x86_64-pc-linux-gnu/:/usr/lib/gcc/x86_64-pc-linux-gnu/8.2.0/:/usr/lib/gcc/x86_64-pc-linux-gnu/
LIBRARY_PATH=/usr/lib/gcc/x86_64-pc-linux-gnu/8.2.0/:/usr/lib/gcc/x86_64-pc-linux-gnu/8.2.0/../../../../lib/:/lib/../lib/:/usr/lib/../lib/:/usr/lib/gcc/x86_64-pc-linux-gnu/8.2.0/../../../:/lib/:/usr/lib/
COLLECT_GCC_OPTIONS='-v' '-o' 'cmTC_78cf3' '-mtune=generic' '-march=x86-64'
 /usr/lib/gcc/x86_64-pc-linux-gnu/8.2.0/collect2 -plugin /usr/lib/gcc/x86_64-pc-linux-gnu/8.2.0/liblto_plugin.so -plugin-opt=/usr/lib/gcc/x86_64-pc-linux-gnu/8.2.0/lto-wrapper -plugin-opt=-fresolution=/tmp/cctCUy0O.res -plugin-opt=-pass-through=-lgcc -plugin-opt=-pass-through=-lgcc_s -plugin-opt=-pass-through=-lc -plugin-opt=-pass-through=-lgcc -plugin-opt=-pass-through=-lgcc_s --build-id --eh-frame-hdr --hash-style=gnu -m elf_x86_64 -dynamic-linker /lib64/ld-linux-x86-64.so.2 -pie -o cmTC_78cf3 /usr/lib/gcc/x86_64-pc-linux-gnu/8.2.0/../../../../lib/Scrt1.o /usr/lib/gcc/x86_64-pc-linux-gnu/8.2.0/../../../../lib/crti.o /usr/lib/gcc/x86_64-pc-linux-gnu/8.2.0/crtbeginS.o -L/usr/lib/gcc/x86_64-pc-linux-gnu/8.2.0 -L/usr/lib/gcc/x86_64-pc-linux-gnu/8.2.0/../../../../lib -L/lib/../lib -L/usr/lib/../lib -L/usr/lib/gcc/x86_64-pc-linux-gnu/8.2.0/../../.. CMakeFiles/cmTC_78cf3.dir/CMakeCCompilerABI.c.o -lgcc --as-needed -lgcc_s --no-as-needed -lc -lgcc --as-needed -lgcc_s --no-as-needed /usr/lib/gcc/x86_64-pc-linux-gnu/8.2.0/crtendS.o /usr/lib/gcc/x86_64-pc-linux-gnu/8.2.0/../../../../lib/crtn.o
COLLECT_GCC_OPTIONS='-v' '-o' 'cmTC_78cf3' '-mtune=generic' '-march=x86-64'
make[1]: Leaving directory '/home/mazedul/CLionProjects/URI/1014/cmake-build-debug/CMakeFiles/CMakeTmp'


Parsed C implicit link information from above output:
  link line regex: [^( *|.*[/\])(ld|CMAKE_LINK_STARTFILE-NOTFOUND|([^/\]+-)?ld|collect2)[^/\]*( |$)]
  ignore line: [Change Dir: /home/mazedul/CLionProjects/URI/1014/cmake-build-debug/CMakeFiles/CMakeTmp]
  ignore line: []
  ignore line: [Run Build Command:"/usr/bin/make" "cmTC_78cf3/fast"]
  ignore line: [/usr/bin/make -f CMakeFiles/cmTC_78cf3.dir/build.make CMakeFiles/cmTC_78cf3.dir/build]
  ignore line: [make[1]: Entering directory '/home/mazedul/CLionProjects/URI/1014/cmake-build-debug/CMakeFiles/CMakeTmp']
  ignore line: [Building C object CMakeFiles/cmTC_78cf3.dir/CMakeCCompilerABI.c.o]
  ignore line: [/usr/bin/cc    -o CMakeFiles/cmTC_78cf3.dir/CMakeCCompilerABI.c.o   -c "/home/mazedul/Clion (1)/clion-2018.2/bin/cmake/linux/share/cmake-3.12/Modules/CMakeCCompilerABI.c"]
  ignore line: [Linking C executable cmTC_78cf3]
  ignore line: ["/home/mazedul/Clion (1)/clion-2018.2/bin/cmake/linux/bin/cmake" -E cmake_link_script CMakeFiles/cmTC_78cf3.dir/link.txt --verbose=1]
  ignore line: [/usr/bin/cc     -v CMakeFiles/cmTC_78cf3.dir/CMakeCCompilerABI.c.o  -o cmTC_78cf3 ]
  ignore line: [Using built-in specs.]
  ignore line: [COLLECT_GCC=/usr/bin/cc]
  ignore line: [COLLECT_LTO_WRAPPER=/usr/lib/gcc/x86_64-pc-linux-gnu/8.2.0/lto-wrapper]
  ignore line: [Target: x86_64-pc-linux-gnu]
  ignore line: [Configured with: /build/gcc/src/gcc/configure --prefix=/usr --libdir=/usr/lib --libexecdir=/usr/lib --mandir=/usr/share/man --infodir=/usr/share/info --with-bugurl=https://bugs.archlinux.org/ --enable-languages=c,c++,ada,fortran,go,lto,objc,obj-c++ --enable-shared --enable-threads=posix --enable-libmpx --with-system-zlib --with-isl --enable-__cxa_atexit --disable-libunwind-exceptions --enable-clocale=gnu --disable-libstdcxx-pch --disable-libssp --enable-gnu-unique-object --enable-linker-build-id --enable-lto --enable-plugin --enable-install-libiberty --with-linker-hash-style=gnu --enable-gnu-indirect-function --enable-multilib --disable-werror --enable-checking=release --enable-default-pie --enable-default-ssp --enable-cet=auto]
  ignore line: [Thread model: posix]
  ignore line: [gcc version 8.2.0 (GCC) ]
  ignore line: [COMPILER_PATH=/usr/lib/gcc/x86_64-pc-linux-gnu/8.2.0/:/usr/lib/gcc/x86_64-pc-linux-gnu/8.2.0/:/usr/lib/gcc/x86_64-pc-linux-gnu/:/usr/lib/gcc/x86_64-pc-linux-gnu/8.2.0/:/usr/lib/gcc/x86_64-pc-linux-gnu/]
  ignore line: [LIBRARY_PATH=/usr/lib/gcc/x86_64-pc-linux-gnu/8.2.0/:/usr/lib/gcc/x86_64-pc-linux-gnu/8.2.0/../../../../lib/:/lib/../lib/:/usr/lib/../lib/:/usr/lib/gcc/x86_64-pc-linux-gnu/8.2.0/../../../:/lib/:/usr/lib/]
  ignore line: [COLLECT_GCC_OPTIONS='-v' '-o' 'cmTC_78cf3' '-mtune=generic' '-march=x86-64']
  link line: [ /usr/lib/gcc/x86_64-pc-linux-gnu/8.2.0/collect2 -plugin /usr/lib/gcc/x86_64-pc-linux-gnu/8.2.0/liblto_plugin.so -plugin-opt=/usr/lib/gcc/x86_64-pc-linux-gnu/8.2.0/lto-wrapper -plugin-opt=-fresolution=/tmp/cctCUy0O.res -plugin-opt=-pass-through=-lgcc -plugin-opt=-pass-through=-lgcc_s -plugin-opt=-pass-through=-lc -plugin-opt=-pass-through=-lgcc -plugin-opt=-pass-through=-lgcc_s --build-id --eh-frame-hdr --hash-style=gnu -m elf_x86_64 -dynamic-linker /lib64/ld-linux-x86-64.so.2 -pie -o cmTC_78cf3 /usr/lib/gcc/x86_64-pc-linux-gnu/8.2.0/../../../../lib/Scrt1.o /usr/lib/gcc/x86_64-pc-linux-gnu/8.2.0/../../../../lib/crti.o /usr/lib/gcc/x86_64-pc-linux-gnu/8.2.0/crtbeginS.o -L/usr/lib/gcc/x86_64-pc-linux-gnu/8.2.0 -L/usr/lib/gcc/x86_64-pc-linux-gnu/8.2.0/../../../../lib -L/lib/../lib -L/usr/lib/../lib -L/usr/lib/gcc/x86_64-pc-linux-gnu/8.2.0/../../.. CMakeFiles/cmTC_78cf3.dir/CMakeCCompilerABI.c.o -lgcc --as-needed -lgcc_s --no-as-needed -lc -lgcc --as-needed -lgcc_s --no-as-needed /usr/lib/gcc/x86_64-pc-linux-gnu/8.2.0/crtendS.o /usr/lib/gcc/x86_64-pc-linux-gnu/8.2.0/../../../../lib/crtn.o]
    arg [/usr/lib/gcc/x86_64-pc-linux-gnu/8.2.0/collect2] ==> ignore
    arg [-plugin] ==> ignore
    arg [/usr/lib/gcc/x86_64-pc-linux-gnu/8.2.0/liblto_plugin.so] ==> ignore
    arg [-plugin-opt=/usr/lib/gcc/x86_64-pc-linux-gnu/8.2.0/lto-wrapper] ==> ignore
    arg [-plugin-opt=-fresolution=/tmp/cctCUy0O.res] ==> ignore
    arg [-plugin-opt=-pass-through=-lgcc] ==> ignore
    arg [-plugin-opt=-pass-through=-lgcc_s] ==> ignore
    arg [-plugin-opt=-pass-through=-lc] ==> ignore
    arg [-plugin-opt=-pass-through=-lgcc] ==> ignore
    arg [-plugin-opt=-pass-through=-lgcc_s] ==> ignore
    arg [--build-id] ==> ignore
    arg [--eh-frame-hdr] ==> ignore
    arg [--hash-style=gnu] ==> ignore
    arg [-m] ==> ignore
    arg [elf_x86_64] ==> ignore
    arg [-dynamic-linker] ==> ignore
    arg [/lib64/ld-linux-x86-64.so.2] ==> ignore
    arg [-pie] ==> ignore
    arg [-o] ==> ignore
    arg [cmTC_78cf3] ==> ignore
    arg [/usr/lib/gcc/x86_64-pc-linux-gnu/8.2.0/../../../../lib/Scrt1.o] ==> ignore
    arg [/usr/lib/gcc/x86_64-pc-linux-gnu/8.2.0/../../../../lib/crti.o] ==> ignore
    arg [/usr/lib/gcc/x86_64-pc-linux-gnu/8.2.0/crtbeginS.o] ==> ignore
    arg [-L/usr/lib/gcc/x86_64-pc-linux-gnu/8.2.0] ==> dir [/usr/lib/gcc/x86_64-pc-linux-gnu/8.2.0]
    arg [-L/usr/lib/gcc/x86_64-pc-linux-gnu/8.2.0/../../../../lib] ==> dir [/usr/lib/gcc/x86_64-pc-linux-gnu/8.2.0/../../../../lib]
    arg [-L/lib/../lib] ==> dir [/lib/../lib]
    arg [-L/usr/lib/../lib] ==> dir [/usr/lib/../lib]
    arg [-L/usr/lib/gcc/x86_64-pc-linux-gnu/8.2.0/../../..] ==> dir [/usr/lib/gcc/x86_64-pc-linux-gnu/8.2.0/../../..]
    arg [CMakeFiles/cmTC_78cf3.dir/CMakeCCompilerABI.c.o] ==> ignore
    arg [-lgcc] ==> lib [gcc]
    arg [--as-needed] ==> ignore
    arg [-lgcc_s] ==> lib [gcc_s]
    arg [--no-as-needed] ==> ignore
    arg [-lc] ==> lib [c]
    arg [-lgcc] ==> lib [gcc]
    arg [--as-needed] ==> ignore
    arg [-lgcc_s] ==> lib [gcc_s]
    arg [--no-as-needed] ==> ignore
    arg [/usr/lib/gcc/x86_64-pc-linux-gnu/8.2.0/crtendS.o] ==> ignore
    arg [/usr/lib/gcc/x86_64-pc-linux-gnu/8.2.0/../../../../lib/crtn.o] ==> ignore
  collapse library dir [/usr/lib/gcc/x86_64-pc-linux-gnu/8.2.0] ==> [/usr/lib/gcc/x86_64-pc-linux-gnu/8.2.0]
  collapse library dir [/usr/lib/gcc/x86_64-pc-linux-gnu/8.2.0/../../../../lib] ==> [/usr/lib]
  collapse library dir [/lib/../lib] ==> [/lib]
  collapse library dir [/usr/lib/../lib] ==> [/usr/lib]
  collapse library dir [/usr/lib/gcc/x86_64-pc-linux-gnu/8.2.0/../../..] ==> [/usr/lib]
  implicit libs: [gcc;gcc_s;c;gcc;gcc_s]
  implicit dirs: [/usr/lib/gcc/x86_64-pc-linux-gnu/8.2.0;/usr/lib;/lib]
  implicit fwks: []




Detecting C [-std=c11] compiler features compiled with the following output:
Change Dir: /home/mazedul/CLionProjects/URI/1014/cmake-build-debug/CMakeFiles/CMakeTmp

Run Build Command:"/usr/bin/make" "cmTC_08ae4/fast"
/usr/bin/make -f CMakeFiles/cmTC_08ae4.dir/build.make CMakeFiles/cmTC_08ae4.dir/build
make[1]: Entering directory '/home/mazedul/CLionProjects/URI/1014/cmake-build-debug/CMakeFiles/CMakeTmp'
Building C object CMakeFiles/cmTC_08ae4.dir/feature_tests.c.o
/usr/bin/cc   -std=c11 -o CMakeFiles/cmTC_08ae4.dir/feature_tests.c.o   -c /home/mazedul/CLionProjects/URI/1014/cmake-build-debug/CMakeFiles/feature_tests.c
Linking C executable cmTC_08ae4
"/home/mazedul/Clion (1)/clion-2018.2/bin/cmake/linux/bin/cmake" -E cmake_link_script CMakeFiles/cmTC_08ae4.dir/link.txt --verbose=1
/usr/bin/cc      CMakeFiles/cmTC_08ae4.dir/feature_tests.c.o  -o cmTC_08ae4 
make[1]: Leaving directory '/home/mazedul/CLionProjects/URI/1014/cmake-build-debug/CMakeFiles/CMakeTmp'


    Feature record: C_FEATURE:1c_function_prototypes
    Feature record: C_FEATURE:1c_restrict
    Feature record: C_FEATURE:1c_static_assert
    Feature record: C_FEATURE:1c_variadic_macros


Detecting C [-std=c99] compiler features compiled with the following output:
Change Dir: /home/mazedul/CLionProjects/URI/1014/cmake-build-debug/CMakeFiles/CMakeTmp

Run Build Command:"/usr/bin/make" "cmTC_f14fd/fast"
/usr/bin/make -f CMakeFiles/cmTC_f14fd.dir/build.make CMakeFiles/cmTC_f14fd.dir/build
make[1]: Entering directory '/home/mazedul/CLionProjects/URI/1014/cmake-build-debug/CMakeFiles/CMakeTmp'
Building C object CMakeFiles/cmTC_f14fd.dir/feature_tests.c.o
/usr/bin/cc   -std=c99 -o CMakeFiles/cmTC_f14fd.dir/feature_tests.c.o   -c /home/mazedul/CLionProjects/URI/1014/cmake-build-debug/CMakeFiles/feature_tests.c
Linking C executable cmTC_f14fd
"/home/mazedul/Clion (1)/clion-2018.2/bin/cmake/linux/bin/cmake" -E cmake_link_script CMakeFiles/cmTC_f14fd.dir/link.txt --verbose=1
/usr/bin/cc      CMakeFiles/cmTC_f14fd.dir/feature_tests.c.o  -o cmTC_f14fd 
make[1]: Leaving directory '/home/mazedul/CLionProjects/URI/1014/cmake-build-debug/CMakeFiles/CMakeTmp'


    Feature record: C_FEATURE:1c_function_prototypes
    Feature record: C_FEATURE:1c_restrict
    Feature record: C_FEATURE:0c_static_assert
    Feature record: C_FEATURE:1c_variadic_macros


Detecting C [-std=c90] compiler features compiled with the following output:
Change Dir: /home/mazedul/CLionProjects/URI/1014/cmake-build-debug/CMakeFiles/CMakeTmp

Run Build Command:"/usr/bin/make" "cmTC_d0751/fast"
/usr/bin/make -f CMakeFiles/cmTC_d0751.dir/build.make CMakeFiles/cmTC_d0751.dir/build
make[1]: Entering directory '/home/mazedul/CLionProjects/URI/1014/cmake-build-debug/CMakeFiles/CMakeTmp'
Building C object CMakeFiles/cmTC_d0751.dir/feature_tests.c.o
/usr/bin/cc   -std=c90 -o CMakeFiles/cmTC_d0751.dir/feature_tests.c.o   -c /home/mazedul/CLionProjects/URI/1014/cmake-build-debug/CMakeFiles/feature_tests.c
Linking C executable cmTC_d0751
"/home/mazedul/Clion (1)/clion-2018.2/bin/cmake/linux/bin/cmake" -E cmake_link_script CMakeFiles/cmTC_d0751.dir/link.txt --verbose=1
/usr/bin/cc      CMakeFiles/cmTC_d0751.dir/feature_tests.c.o  -o cmTC_d0751 
make[1]: Leaving directory '/home/mazedul/CLionProjects/URI/1014/cmake-build-debug/CMakeFiles/CMakeTmp'


    Feature record: C_FEATURE:1c_function_prototypes
    Feature record: C_FEATURE:0c_restrict
    Feature record: C_FEATURE:0c_static_assert
    Feature record: C_FEATURE:0c_variadic_macros
